Removed Pin From Net: NetName=IO47 Pin=P12-9
Removed Pin From Net: NetName=IO26 Pin=P12-10
Removed Pin From Net: NetName=IO10 Pin=P15-1
Removed Pin From Net: NetName=IO11 Pin=P15-2
Removed Pin From Net: NetName=IO12 Pin=P15-3
Removed Pin From Net: NetName=IO13 Pin=P15-4
Removed Pin From Net: NetName=IO14 Pin=P15-5
Removed Pin From Net: NetName=IO15 Pin=P15-6
Removed Pin From Net: NetName=IO16 Pin=P15-7
Removed Pin From Net: NetName=TX1 Pin=P15-8
Removed Pin From Net: NetName=RX1 Pin=P15-9
Added Pin To Net: NetName=IO10 Pin=P12-9
Added Pin To Net: NetName=IO11 Pin=P12-10
Added Pin To Net: NetName=IO12 Pin=P15-1
Added Pin To Net: NetName=IO13 Pin=P15-2
Added Pin To Net: NetName=IO14 Pin=P15-3
Added Pin To Net: NetName=IO15 Pin=P15-4
Added Pin To Net: NetName=IO16 Pin=P15-5
Added Pin To Net: NetName=TX1 Pin=P15-6
Added Pin To Net: NetName=RX1 Pin=P15-7
Added Pin To Net: NetName=IO47 Pin=P15-8
Added Pin To Net: NetName=IO26 Pin=P15-9
Added Room: Name=AQM with esp32
Added Room: Name=ESP32-S3 module
