Removed Pin From Net: NetName=GND Pin=B5-2
Removed Pin From Net: NetName=SDA Pin=B5-7
Removed Pin From Net: NetName=SCL Pin=B5-8
Change Component Footprint: Designator=B5 Old Footprint=SON65P400X300X80-9N New Footprint=MAX17048G+T10
Change Component Comment : Designator=B5 Old Comment=LC709203FQH-01TWG New Comment=MAX17048G+T10
Added Component: Designator=C16(T491A)
Add component. Clean all parameters for all variants
Add component (AddParameter): Name = "Datasheet"; Value = "chrome-extension://efaidnbmnnnibpcajpcglclefindmkaj/https://datasheet.lcsc.com/lcsc/2304140030_KEMET-T491A104K035AT_C122257.pdf"; VariantName = "[No Variations]"
Add component (AddParameter): Name = "LCSC Part #"; Value = "C122257"; VariantName = "[No Variations]"
Add component (AddParameter): Name = "Manufacturer"; Value = "KEMET"; VariantName = "[No Variations]"
Add component (AddParameter): Name = "Mfr.Part #"; Value = "T491A104K035AT"; VariantName = "[No Variations]"
Add component (AddParameter): Name = "Package"; Value = "CASE-A-3216"; VariantName = "[No Variations]"
Add component (AddParameter): Name = "Packaging"; Value = "Tape & Reel (TR)"; VariantName = "[No Variations]"
Add component (AddParameter): Name = "Value"; Value = "100nF"; VariantName = "[No Variations]"
Added Pin To Net: NetName=VBAT Pin=B5-2
Added Pin To Net: NetName=GND Pin=B5-4
Added Pin To Net: NetName=GND Pin=B5-6
Added Pin To Net: NetName=SCL Pin=B5-7
Added Pin To Net: NetName=SDA Pin=B5-8
Added Pin To Net: NetName=GND Pin=B5-9
Added Pin To Net: NetName=VBAT Pin=C16-1
Added Pin To Net: NetName=GND Pin=C16-2
Added Member To Class: ClassName=ESP32-S3 module Member=Component C16 100nF
Added Room: Name=AQM with esp32
Added Room: Name=ESP32-S3 module
