Removed Pin From Net: NetName=IO1 Pin=P11-4
Removed Pin From Net: NetName=IO2 Pin=P11-5
Removed Pin From Net: NetName=SDA Pin=P11-6
Removed Pin From Net: NetName=SCL Pin=P11-7
Removed Pin From Net: NetName=IO5 Pin=P11-8
Removed Pin From Net: NetName=IO6 Pin=P11-9
Removed Pin From Net: NetName=IO8 Pin=P11-10
Removed Pin From Net: NetName=IO9 Pin=P11-11
Removed Pin From Net: NetName=IO10 Pin=P11-12
Removed Pin From Net: NetName=IO11 Pin=P11-13
Removed Pin From Net: NetName=IO12 Pin=P11-14
Removed Pin From Net: NetName=IO13 Pin=P11-15
Removed Pin From Net: NetName=IO14 Pin=P11-16
Removed Pin From Net: NetName=IO15 Pin=P11-17
Removed Pin From Net: NetName=IO16 Pin=P11-18
Removed Pin From Net: NetName=GND Pin=P11-19
Removed Pin From Net: NetName=RESET Pin=P12-1
Removed Pin From Net: NetName=IO46 Pin=P12-2
Removed Pin From Net: NetName=IO45 Pin=P12-3
Removed Pin From Net: NetName=RXD0 Pin=P12-4
Removed Pin From Net: NetName=TXD0 Pin=P12-5
Removed Pin From Net: NetName=IO42 Pin=P12-6
Removed Pin From Net: NetName=IO41 Pin=P12-7
Removed Pin From Net: NetName=IO40 Pin=P12-8
Removed Pin From Net: NetName=TX Pin=P12-9
Removed Pin From Net: NetName=RX Pin=P12-10
Removed Pin From Net: NetName=MISO Pin=P12-11
Removed Pin From Net: NetName=SCK Pin=P12-12
Removed Pin From Net: NetName=MOSI Pin=P12-13
Removed Pin From Net: NetName=IO48 Pin=P12-14
Removed Pin From Net: NetName=IO47 Pin=P12-15
Removed Pin From Net: NetName=IO26 Pin=P12-16
Removed Pin From Net: NetName=RX1 Pin=P12-17
Removed Pin From Net: NetName=TX1 Pin=P12-18
Removed Pin From Net: NetName=VDD3.3V Pin=P12-19
Change Component Footprint: Designator=P11 Old Footprint=HDR1X19 New Footprint=HDR1X5
Change Component Footprint: Designator=P12 Old Footprint=HDR1X19 New Footprint=HDR1X8
Change Component Comment : Designator=P11 Old Comment=Header 19 New Comment=Header 5
Change Component Comment : Designator=P12 Old Comment=Header 19 New Comment=Header 8
Added Component: Designator=P13(HDR1X8)
Add component. Clean all parameters for all variants
Add component (AddParameter): Name = "LatestRevisionDate"; Value = "17-Jul-2002"; VariantName = "[No Variations]"
Add component (AddParameter): Name = "LatestRevisionNote"; Value = "Re-released for DXP Platform."; VariantName = "[No Variations]"
Add component (AddParameter): Name = "Publisher"; Value = "Altium Limited"; VariantName = "[No Variations]"
Added Component: Designator=P14(HDR1X8)
Add component. Clean all parameters for all variants
Add component (AddParameter): Name = "LatestRevisionDate"; Value = "17-Jul-2002"; VariantName = "[No Variations]"
Add component (AddParameter): Name = "LatestRevisionNote"; Value = "Re-released for DXP Platform."; VariantName = "[No Variations]"
Add component (AddParameter): Name = "Publisher"; Value = "Altium Limited"; VariantName = "[No Variations]"
Added Component: Designator=P15(HDR1X9)
Add component. Clean all parameters for all variants
Add component (AddParameter): Name = "LatestRevisionDate"; Value = "17-Jul-2002"; VariantName = "[No Variations]"
Add component (AddParameter): Name = "LatestRevisionNote"; Value = "Re-released for DXP Platform."; VariantName = "[No Variations]"
Add component (AddParameter): Name = "Publisher"; Value = "Altium Limited"; VariantName = "[No Variations]"
Added Pin To Net: NetName=VDD3.3V Pin=P11-4
Added Pin To Net: NetName=GND Pin=P11-5
Added Pin To Net: NetName=IO1 Pin=P12-1
Added Pin To Net: NetName=IO2 Pin=P12-2
Added Pin To Net: NetName=SDA Pin=P12-3
Added Pin To Net: NetName=SCL Pin=P12-4
Added Pin To Net: NetName=IO5 Pin=P12-5
Added Pin To Net: NetName=IO6 Pin=P12-6
Added Pin To Net: NetName=IO8 Pin=P12-7
Added Pin To Net: NetName=IO9 Pin=P12-8
Added Pin To Net: NetName=RESET Pin=P13-1
Added Pin To Net: NetName=IO46 Pin=P13-2
Added Pin To Net: NetName=IO45 Pin=P13-3
Added Pin To Net: NetName=RXD0 Pin=P13-4
Added Pin To Net: NetName=TXD0 Pin=P13-5
Added Pin To Net: NetName=IO42 Pin=P13-6
Added Pin To Net: NetName=IO41 Pin=P13-7
Added Pin To Net: NetName=IO40 Pin=P13-8
Added Pin To Net: NetName=TX Pin=P14-1
Added Pin To Net: NetName=RX Pin=P14-2
Added Pin To Net: NetName=MISO Pin=P14-3
Added Pin To Net: NetName=SCK Pin=P14-4
Added Pin To Net: NetName=MOSI Pin=P14-5
Added Pin To Net: NetName=IO48 Pin=P14-6
Added Pin To Net: NetName=IO47 Pin=P14-7
Added Pin To Net: NetName=IO26 Pin=P14-8
Added Pin To Net: NetName=IO10 Pin=P15-1
Added Pin To Net: NetName=IO11 Pin=P15-2
Added Pin To Net: NetName=IO12 Pin=P15-3
Added Pin To Net: NetName=IO13 Pin=P15-4
Added Pin To Net: NetName=IO14 Pin=P15-5
Added Pin To Net: NetName=IO15 Pin=P15-6
Added Pin To Net: NetName=IO16 Pin=P15-7
Added Pin To Net: NetName=TX1 Pin=P15-8
Added Pin To Net: NetName=RX1 Pin=P15-9
Added Member To Class: ClassName=ESP32-S3 module Member=Component P13 Header 8
Added Member To Class: ClassName=ESP32-S3 module Member=Component P14 Header 8
Added Member To Class: ClassName=ESP32-S3 module Member=Component P15 Header 9
Added Room: Name=AQM with esp32
Added Room: Name=ESP32-S3 module
