Change Component Description : Designator=C2 Old Description=-40?~+85? 2000hrs@85? 220uF 10mm 16V 8mm 215mA@120Hz ±20% SMD,D8xL10mm Aluminum Electrolytic Capacitors - SMD ROHS New Description=-40?~+85? 2000hrs@85? 220uF 10mm 16V 8mm 215mA@120Hz ±20% SMD,D8xL10mm Aluminum Electrolytic Capacitors - SMD ROHS
Change Component Description : Designator=J6 Old Description=1x2P PH 1 2mm Male pin 2 -25?~+85? 2A Surface Mount SMD,P=2mm Wire To Board / Wire To Wire Connector ROHS New Description=1x2P PH 1 2mm Male pin 2 -25?~+85? 2A Surface Mount SMD,P=2mm Wire To Board / Wire To Wire Connector ROHS
Change Component Description : Designator=R15 Old Description=10kO Thick Film Resistors 62.5mW ±1% 0402 Chip Resistor - Surface Mount ROHS New Description=10kO Thick Film Resistors 62.5mW ±1% 0402 Chip Resistor - Surface Mount ROHS
Change Component Description : Designator=R16 Old Description=10kO Thick Film Resistors 62.5mW ±1% 0402 Chip Resistor - Surface Mount ROHS New Description=10kO Thick Film Resistors 62.5mW ±1% 0402 Chip Resistor - Surface Mount ROHS
Change Component Description : Designator=R17 Old Description=10kO Thick Film Resistors 62.5mW ±1% 0402 Chip Resistor - Surface Mount ROHS New Description=10kO Thick Film Resistors 62.5mW ±1% 0402 Chip Resistor - Surface Mount ROHS
Change Component Description : Designator=R18 Old Description=10kO Thick Film Resistors 62.5mW ±1% 0402 Chip Resistor - Surface Mount ROHS New Description=10kO Thick Film Resistors 62.5mW ±1% 0402 Chip Resistor - Surface Mount ROHS
Change Component Description : Designator=B2 Old Description=10mH@1kHz 1.2O 2 500mA 50V Plugin Common Mode Filters ROHS New Description=10mH@1kHz 1.2O 2 500mA 50V Plugin Common Mode Filters ROHS
Change Component Description : Designator=Q2 Old Description=20V 4A 39mO@4.5V,4A 900mW P Channel SOT-23 MOSFETs ROHS New Description=20V 4A 39mO@4.5V,4A 900mW P Channel SOT-23 MOSFETs ROHS
Change Component Description : Designator=R6 Old Description=50V 10kO Thick Film Resistors 62.5mW ±1% -55?~+155? ±100ppm/? 0402 Chip Resistor - Surface Mount ROHS New Description=50V 10kO Thick Film Resistors 62.5mW ±1% -55?~+155? ±100ppm/? 0402 Chip Resistor - Surface Mount ROHS
Change Component Description : Designator=R7 Old Description=50V 10kO Thick Film Resistors 62.5mW ±1% -55?~+155? ±100ppm/? 0402 Chip Resistor - Surface Mount ROHS New Description=50V 10kO Thick Film Resistors 62.5mW ±1% -55?~+155? ±100ppm/? 0402 Chip Resistor - Surface Mount ROHS
Change Component Description : Designator=R8 Old Description=62.5mW 100kO ±1% Thick Film Resistors 0402 Chip Resistor - Surface Mount ROHS New Description=62.5mW 100kO ±1% Thick Film Resistors 0402 Chip Resistor - Surface Mount ROHS
Change Component Description : Designator=R9 Old Description=62.5mW 100kO ±1% Thick Film Resistors 0402 Chip Resistor - Surface Mount ROHS New Description=62.5mW 100kO ±1% Thick Film Resistors 0402 Chip Resistor - Surface Mount ROHS
Change Component Description : Designator=R11 Old Description=62.5mW Thick Film Resistors ±1% 1MO 0402 Chip Resistor - Surface Mount ROHS New Description=62.5mW Thick Film Resistors ±1% 1MO 0402 Chip Resistor - Surface Mount ROHS
Change Component Description : Designator=R10 Old Description=62.5mW Thick Film Resistors ±1% 5.1kO 0402 Chip Resistor - Surface Mount ROHS New Description=62.5mW Thick Film Resistors ±1% 5.1kO 0402 Chip Resistor - Surface Mount ROHS
Change Component Description : Designator=R12 Old Description=62.5mW Thick Film Resistors ±1% 5.1kO 0402 Chip Resistor - Surface Mount ROHS New Description=62.5mW Thick Film Resistors ±1% 5.1kO 0402 Chip Resistor - Surface Mount ROHS
Change Component Description : Designator=R13 Old Description=62.5mW Thick Film Resistors ±1% 5.1kO 0402 Chip Resistor - Surface Mount ROHS New Description=62.5mW Thick Film Resistors ±1% 5.1kO 0402 Chip Resistor - Surface Mount ROHS
Change Component Description : Designator=R14 Old Description=62.5mW Thick Film Resistors ±1% 5.1kO 0402 Chip Resistor - Surface Mount ROHS New Description=62.5mW Thick Film Resistors ±1% 5.1kO 0402 Chip Resistor - Surface Mount ROHS
Change Component Description : Designator=A1 Old Description=75dB@(120Hz) 1A 1.25V@(1A) ±125?@(Tj) Fixed 3.3V~3.3V Positive 1 20V SOT-89 Linear Voltage Regulators (LDO) ROHS New Description=75dB@(120Hz) 1A 1.25V@(1A) ±125?@(Tj) Fixed 3.3V~3.3V Positive 1 20V SOT-89 Linear Voltage Regulators (LDO) ROHS
Change Component Description : Designator=R3 Old Description=100mW Thick Film Resistors 75V ±100ppm/? ±1% -55?~+155? 470O 0603 Chip Resistor - Surface Mount ROHS New Description=100mW Thick Film Resistors 75V ±100ppm/? ±1% -55?~+155? 470O 0603 Chip Resistor - Surface Mount ROHS
Change Component Description : Designator=C16 Old Description=100nF 35V 20O@100kHz ±10% CASE-A-3216 Tantalum Capacitors ROHS New Description=100nF 35V 20O@100kHz ±10% CASE-A-3216 Tantalum Capacitors ROHS
Change Component Description : Designator=S1 Old Description=Surface Mount 50mA DPDT 3.2mm 12V 9.1mm 12V 3.55mm 50mA 10000 SMDSplicing Rectangular columnar -40?~+85? Black SMD Slide Switches ROHS New Description=Surface Mount 50mA DPDT 3.2mm 12V 9.1mm 12V 3.55mm 50mA 10000 SMDSplicing Rectangular columnar -40?~+85? Black SMD Slide Switches ROHS
Change Component Description : Designator=B3 Old Description=±10% 10kO Plugin Variable Resistors/Potentiometers ROHS New Description=±10% 10kO Plugin Variable Resistors/Potentiometers ROHS
Change component parameters: Designator = "R3"; Footprint = "RESC1608X55X25LL10T15"; UniqueID = "\PUJMFYBA"
Change component parameters. Clean all parameters for all variants
Change component parameters (AddParameter): Name = "ComponentLink1Description"; Value = "Manufacturer URL"; VariantName = "[No Variations]"
Change component parameters (AddParameter): Name = "ComponentLink1URL"; Value = "http://www.yageo.com/"; VariantName = "[No Variations]"
Change component parameters (AddParameter): Name = "ComponentLink2Description"; Value = "Datasheet"; VariantName = "[No Variations]"
Change component parameters (AddParameter): Name = "ComponentLink2URL"; Value = "https://datasheet.ciiva.com/11808/0900766b80f96399-11808177.pdf"; VariantName = "[No Variations]"
Change component parameters (AddParameter): Name = "Datasheet"; Value = "https://datasheet.lcsc.com/lcsc/1810161617_YAGEO-RC0603FR-07470RL_C114669.pdf"; VariantName = "[No Variations]"
Change component parameters (AddParameter): Name = "LCSC Part #"; Value = "C114669"; VariantName = "[No Variations]"
Change component parameters (AddParameter): Name = "Manufacturer"; Value = "YAGEO"; VariantName = "[No Variations]"
Change component parameters (AddParameter): Name = "Mfr. Part #"; Value = "RC0603FR-07470RL"; VariantName = "[No Variations]"
Change component parameters (AddParameter): Name = "Package"; Value = "0603"; VariantName = "[No Variations]"
Change component parameters (AddParameter): Name = "Value"; Value = "470O"; VariantName = "[No Variations]"
Change component parameters: Designator = "R6"; Footprint = "RESC1005X40X25LL05T10"; UniqueID = "\ELDYHIYJ"
Change component parameters. Clean all parameters for all variants
Change component parameters (AddParameter): Name = "LCSC Part #"; Value = "C60490"; VariantName = "[No Variations]"
Change component parameters (AddParameter): Name = "Manufacturer"; Value = "YAGEO"; VariantName = "[No Variations]"
Change component parameters (AddParameter): Name = "Mfr. Part #"; Value = "RC0402FR-0710KL"; VariantName = "[No Variations]"
Change component parameters (AddParameter): Name = "Package"; Value = "0402"; VariantName = "[No Variations]"
Change component parameters (AddParameter): Name = "Value"; Value = "10kO"; VariantName = "[No Variations]"
Change component parameters: Designator = "R7"; Footprint = "RESC1005X40X25LL05T10"; UniqueID = "\IFGUBXCG"
Change component parameters. Clean all parameters for all variants
Change component parameters (AddParameter): Name = "LCSC Part #"; Value = "C60490"; VariantName = "[No Variations]"
Change component parameters (AddParameter): Name = "Manufacturer"; Value = "YAGEO"; VariantName = "[No Variations]"
Change component parameters (AddParameter): Name = "Mfr. Part #"; Value = "RC0402FR-0710KL"; VariantName = "[No Variations]"
Change component parameters (AddParameter): Name = "Package"; Value = "0402"; VariantName = "[No Variations]"
Change component parameters (AddParameter): Name = "Value"; Value = "10kO"; VariantName = "[No Variations]"
Change component parameters: Designator = "R8"; Footprint = "RESC1005X40X25NL05T10"; UniqueID = "\PPGRSZVE"
Change component parameters. Clean all parameters for all variants
Change component parameters (AddParameter): Name = "Datasheet"; Value = "https://datasheet.lcsc.com/lcsc/1809291220_YAGEO-RC0402FR-07100KL_C60491.pdf"; VariantName = "[No Variations]"
Change component parameters (AddParameter): Name = "LCSC Part #"; Value = "C60491"; VariantName = "[No Variations]"
Change component parameters (AddParameter): Name = "Manufacturer"; Value = "YAGEO"; VariantName = "[No Variations]"
Change component parameters (AddParameter): Name = "Mfr. Part #"; Value = "RC0402FR-07100KL"; VariantName = "[No Variations]"
Change component parameters (AddParameter): Name = "Package"; Value = "0402"; VariantName = "[No Variations]"
Change component parameters (AddParameter): Name = "Packaging"; Value = "Tape & Reel (TR)"; VariantName = "[No Variations]"
Change component parameters (AddParameter): Name = "Value"; Value = "100kO"; VariantName = "[No Variations]"
Change component parameters: Designator = "R9"; Footprint = "RESC1005X40X25NL05T10"; UniqueID = "\AFSELZPP"
Change component parameters. Clean all parameters for all variants
Change component parameters (AddParameter): Name = "Datasheet"; Value = "https://datasheet.lcsc.com/lcsc/1809291220_YAGEO-RC0402FR-07100KL_C60491.pdf"; VariantName = "[No Variations]"
Change component parameters (AddParameter): Name = "LCSC Part #"; Value = "C60491"; VariantName = "[No Variations]"
Change component parameters (AddParameter): Name = "Manufacturer"; Value = "YAGEO"; VariantName = "[No Variations]"
Change component parameters (AddParameter): Name = "Mfr. Part #"; Value = "RC0402FR-07100KL"; VariantName = "[No Variations]"
Change component parameters (AddParameter): Name = "Package"; Value = "0402"; VariantName = "[No Variations]"
Change component parameters (AddParameter): Name = "Packaging"; Value = "Tape & Reel (TR)"; VariantName = "[No Variations]"
Change component parameters (AddParameter): Name = "Value"; Value = "100kO"; VariantName = "[No Variations]"
Change component parameters: Designator = "R10"; Footprint = "RESC1005X40X25NL05T10"; UniqueID = "\FOWWEHYA"
Change component parameters. Clean all parameters for all variants
Change component parameters (AddParameter): Name = "Datasheet"; Value = "https://datasheet.lcsc.com/lcsc/1809201112_YAGEO-RC0402FR-075K1L_C105872.pdf"; VariantName = "[No Variations]"
Change component parameters (AddParameter): Name = "LCSC Part #"; Value = "C105872"; VariantName = "[No Variations]"
Change component parameters (AddParameter): Name = "Manufacturer"; Value = "YAGEO"; VariantName = "[No Variations]"
Change component parameters (AddParameter): Name = "Mfr. Part #"; Value = "RC0402FR-075K1L"; VariantName = "[No Variations]"
Change component parameters (AddParameter): Name = "Package"; Value = "0402"; VariantName = "[No Variations]"
Change component parameters (AddParameter): Name = "Packaging"; Value = "Tape & Reel (TR)"; VariantName = "[No Variations]"
Change component parameters (AddParameter): Name = "Value"; Value = "5.1kO"; VariantName = "[No Variations]"
Change component parameters: Designator = "R11"; Footprint = "RESC1005X40X25NL05T10"; UniqueID = "\ABZTDYKN"
Change component parameters. Clean all parameters for all variants
Change component parameters (AddParameter): Name = "Datasheet"; Value = "https://datasheet.lcsc.com/lcsc/1809201123_YAGEO-RC0402FR-071ML_C138033.pdf"; VariantName = "[No Variations]"
Change component parameters (AddParameter): Name = "LCSC Part #"; Value = "C138033"; VariantName = "[No Variations]"
Change component parameters (AddParameter): Name = "Manufacturer"; Value = "YAGEO"; VariantName = "[No Variations]"
Change component parameters (AddParameter): Name = "Mfr. Part #"; Value = "RC0402FR-071ML"; VariantName = "[No Variations]"
Change component parameters (AddParameter): Name = "Package"; Value = "0402"; VariantName = "[No Variations]"
Change component parameters (AddParameter): Name = "Packaging"; Value = "Tape & Reel (TR)"; VariantName = "[No Variations]"
Change component parameters (AddParameter): Name = "Value"; Value = "1MO"; VariantName = "[No Variations]"
Change component parameters: Designator = "R12"; Footprint = "RESC1005X40X25NL05T10"; UniqueID = "\GXLWWCMQ"
Change component parameters. Clean all parameters for all variants
Change component parameters (AddParameter): Name = "Datasheet"; Value = "https://datasheet.lcsc.com/lcsc/1809201112_YAGEO-RC0402FR-075K1L_C105872.pdf"; VariantName = "[No Variations]"
Change component parameters (AddParameter): Name = "LCSC Part #"; Value = "C105872"; VariantName = "[No Variations]"
Change component parameters (AddParameter): Name = "Manufacturer"; Value = "YAGEO"; VariantName = "[No Variations]"
Change component parameters (AddParameter): Name = "Mfr. Part #"; Value = "RC0402FR-075K1L"; VariantName = "[No Variations]"
Change component parameters (AddParameter): Name = "Package"; Value = "0402"; VariantName = "[No Variations]"
Change component parameters (AddParameter): Name = "Packaging"; Value = "Tape & Reel (TR)"; VariantName = "[No Variations]"
Change component parameters (AddParameter): Name = "Value"; Value = "5.1kO"; VariantName = "[No Variations]"
Change component parameters: Designator = "R13"; Footprint = "RESC1005X40X25NL05T10"; UniqueID = "\QDTZABZO"
Change component parameters. Clean all parameters for all variants
Change component parameters (AddParameter): Name = "Datasheet"; Value = "https://datasheet.lcsc.com/lcsc/1809201112_YAGEO-RC0402FR-075K1L_C105872.pdf"; VariantName = "[No Variations]"
Change component parameters (AddParameter): Name = "LCSC Part #"; Value = "C105872"; VariantName = "[No Variations]"
Change component parameters (AddParameter): Name = "Manufacturer"; Value = "YAGEO"; VariantName = "[No Variations]"
Change component parameters (AddParameter): Name = "Mfr. Part #"; Value = "RC0402FR-075K1L"; VariantName = "[No Variations]"
Change component parameters (AddParameter): Name = "Package"; Value = "0402"; VariantName = "[No Variations]"
Change component parameters (AddParameter): Name = "Packaging"; Value = "Tape & Reel (TR)"; VariantName = "[No Variations]"
Change component parameters (AddParameter): Name = "Value"; Value = "5.1kO"; VariantName = "[No Variations]"
Change component parameters: Designator = "R14"; Footprint = "RESC1005X40X25NL05T10"; UniqueID = "\UBSDRNSI"
Change component parameters. Clean all parameters for all variants
Change component parameters (AddParameter): Name = "Datasheet"; Value = "https://datasheet.lcsc.com/lcsc/1809201112_YAGEO-RC0402FR-075K1L_C105872.pdf"; VariantName = "[No Variations]"
Change component parameters (AddParameter): Name = "LCSC Part #"; Value = "C105872"; VariantName = "[No Variations]"
Change component parameters (AddParameter): Name = "Manufacturer"; Value = "YAGEO"; VariantName = "[No Variations]"
Change component parameters (AddParameter): Name = "Mfr. Part #"; Value = "RC0402FR-075K1L"; VariantName = "[No Variations]"
Change component parameters (AddParameter): Name = "Package"; Value = "0402"; VariantName = "[No Variations]"
Change component parameters (AddParameter): Name = "Packaging"; Value = "Tape & Reel (TR)"; VariantName = "[No Variations]"
Change component parameters (AddParameter): Name = "Value"; Value = "5.1kO"; VariantName = "[No Variations]"
Change component parameters: Designator = "R15"; Footprint = "RESC1005X40X25LL05T10"; UniqueID = "\ITNAMGWR"
Change component parameters. Clean all parameters for all variants
Change component parameters (AddParameter): Name = "Datasheet"; Value = "https://datasheet.lcsc.com/lcsc/1809301715_YAGEO-RC0402FR-0710KL_C60490.pdf"; VariantName = "[No Variations]"
Change component parameters (AddParameter): Name = "LCSC Part #"; Value = "C60490"; VariantName = "[No Variations]"
Change component parameters (AddParameter): Name = "Manufacturer"; Value = "YAGEO"; VariantName = "[No Variations]"
Change component parameters (AddParameter): Name = "Mfr. Part #"; Value = "RC0402FR-0710KL"; VariantName = "[No Variations]"
Change component parameters (AddParameter): Name = "Package"; Value = "0402"; VariantName = "[No Variations]"
Change component parameters (AddParameter): Name = "Packaging"; Value = "Tape & Reel (TR)"; VariantName = "[No Variations]"
Change component parameters (AddParameter): Name = "Value"; Value = "10kO"; VariantName = "[No Variations]"
Change component parameters: Designator = "R16"; Footprint = "RESC1005X40X25LL05T10"; UniqueID = "\YXLRZXSO"
Change component parameters. Clean all parameters for all variants
Change component parameters (AddParameter): Name = "Datasheet"; Value = "https://datasheet.lcsc.com/lcsc/1809301715_YAGEO-RC0402FR-0710KL_C60490.pdf"; VariantName = "[No Variations]"
Change component parameters (AddParameter): Name = "LCSC Part #"; Value = "C60490"; VariantName = "[No Variations]"
Change component parameters (AddParameter): Name = "Manufacturer"; Value = "YAGEO"; VariantName = "[No Variations]"
Change component parameters (AddParameter): Name = "Mfr. Part #"; Value = "RC0402FR-0710KL"; VariantName = "[No Variations]"
Change component parameters (AddParameter): Name = "Package"; Value = "0402"; VariantName = "[No Variations]"
Change component parameters (AddParameter): Name = "Packaging"; Value = "Tape & Reel (TR)"; VariantName = "[No Variations]"
Change component parameters (AddParameter): Name = "Value"; Value = "10kO"; VariantName = "[No Variations]"
Change component parameters: Designator = "R17"; Footprint = "RESC1005X40X25LL05T10"; UniqueID = "\BLOUYERQ"
Change component parameters. Clean all parameters for all variants
Change component parameters (AddParameter): Name = "Datasheet"; Value = "https://datasheet.lcsc.com/lcsc/1809301715_YAGEO-RC0402FR-0710KL_C60490.pdf"; VariantName = "[No Variations]"
Change component parameters (AddParameter): Name = "LCSC Part #"; Value = "C60490"; VariantName = "[No Variations]"
Change component parameters (AddParameter): Name = "Manufacturer"; Value = "YAGEO"; VariantName = "[No Variations]"
Change component parameters (AddParameter): Name = "Mfr. Part #"; Value = "RC0402FR-0710KL"; VariantName = "[No Variations]"
Change component parameters (AddParameter): Name = "Package"; Value = "0402"; VariantName = "[No Variations]"
Change component parameters (AddParameter): Name = "Packaging"; Value = "Tape & Reel (TR)"; VariantName = "[No Variations]"
Change component parameters (AddParameter): Name = "Value"; Value = "10kO"; VariantName = "[No Variations]"
Change component parameters: Designator = "R18"; Footprint = "RESC1005X40X25LL05T10"; UniqueID = "\OPRIKSVF"
Change component parameters. Clean all parameters for all variants
Change component parameters (AddParameter): Name = "Datasheet"; Value = "https://datasheet.lcsc.com/lcsc/1809301715_YAGEO-RC0402FR-0710KL_C60490.pdf"; VariantName = "[No Variations]"
Change component parameters (AddParameter): Name = "LCSC Part #"; Value = "C60490"; VariantName = "[No Variations]"
Change component parameters (AddParameter): Name = "Manufacturer"; Value = "YAGEO"; VariantName = "[No Variations]"
Change component parameters (AddParameter): Name = "Mfr. Part #"; Value = "RC0402FR-0710KL"; VariantName = "[No Variations]"
Change component parameters (AddParameter): Name = "Package"; Value = "0402"; VariantName = "[No Variations]"
Change component parameters (AddParameter): Name = "Packaging"; Value = "Tape & Reel (TR)"; VariantName = "[No Variations]"
Change component parameters (AddParameter): Name = "Value"; Value = "10kO"; VariantName = "[No Variations]"
Change component parameters: Designator = "C16"; Footprint = "T491A"; UniqueID = "\QRWHINOR"
Change component parameters. Clean all parameters for all variants
Change component parameters (AddParameter): Name = "Datasheet"; Value = "chrome-extension://efaidnbmnnnibpcajpcglclefindmkaj/https://datasheet.lcsc.com/lcsc/2304140030_KEMET-T491A104K035AT_C122257.pdf"; VariantName = "[No Variations]"
Change component parameters (AddParameter): Name = "LCSC Part #"; Value = "C122257"; VariantName = "[No Variations]"
Change component parameters (AddParameter): Name = "Manufacturer"; Value = "KEMET"; VariantName = "[No Variations]"
Change component parameters (AddParameter): Name = "Mfr. Part #"; Value = "T491A104K035AT"; VariantName = "[No Variations]"
Change component parameters (AddParameter): Name = "Package"; Value = "CASE-A-3216"; VariantName = "[No Variations]"
Change component parameters (AddParameter): Name = "Packaging"; Value = "Tape & Reel (TR)"; VariantName = "[No Variations]"
Change component parameters (AddParameter): Name = "Value"; Value = "100nF"; VariantName = "[No Variations]"
Added Room: Name=AQM with esp32
Added Room: Name=ESP32-S3 module
