Removed Pin From Net: NetName=RESET Pin=P12-1
Removed Pin From Net: NetName=IO46 Pin=P12-2
Removed Pin From Net: NetName=IO45 Pin=P12-3
Removed Pin From Net: NetName=RXD0 Pin=P12-4
Removed Pin From Net: NetName=TXD0 Pin=P13-1
Removed Pin From Net: NetName=IO42 Pin=P13-2
Removed Pin From Net: NetName=IO41 Pin=P13-3
Removed Pin From Net: NetName=IO40 Pin=P13-4
Change Component Footprint: Designator=P13 Old Footprint=HDR1X4 New Footprint=HDR1X8
Change Component Comment : Designator=P13 Old Comment=Header 4 New Comment=Header 8
Change Component Designator: OldDesignator=P16 NewDesignator=P12
Added Pin To Net: NetName=RESET Pin=P13-1
Added Pin To Net: NetName=IO46 Pin=P13-2
Added Pin To Net: NetName=IO45 Pin=P13-3
Added Pin To Net: NetName=RXD0 Pin=P13-4
Added Pin To Net: NetName=TXD0 Pin=P13-5
Added Pin To Net: NetName=IO42 Pin=P13-6
Added Pin To Net: NetName=IO41 Pin=P13-7
Added Pin To Net: NetName=IO40 Pin=P13-8
Added Room: Name=AQM with esp32
Added Room: Name=ESP32-S3 module
