Removed Pin From Net: NetName=IO40 Pin=P14-1
Removed Pin From Net: NetName=TX Pin=P14-2
Removed Pin From Net: NetName=RX Pin=P14-3
Removed Pin From Net: NetName=MISO Pin=P14-4
Removed Pin From Net: NetName=SCK Pin=P14-5
Removed Pin From Net: NetName=MOSI Pin=P14-6
Removed Pin From Net: NetName=IO48 Pin=P14-7
Removed Pin From Net: NetName=IO47 Pin=P14-8
Removed Pin From Net: NetName=IO26 Pin=P14-9
Change Component Footprint: Designator=P13 Old Footprint=HDR1X7 New Footprint=HDR1X8
Change Component Footprint: Designator=P14 Old Footprint=HDR1X9 New Footprint=HDR1X8
Change Component Comment : Designator=P13 Old Comment=Header 7 New Comment=Header 8
Change Component Comment : Designator=P14 Old Comment=Header 9 New Comment=Header 8
Added Pin To Net: NetName=IO40 Pin=P13-8
Added Pin To Net: NetName=TX Pin=P14-1
Added Pin To Net: NetName=RX Pin=P14-2
Added Pin To Net: NetName=MISO Pin=P14-3
Added Pin To Net: NetName=SCK Pin=P14-4
Added Pin To Net: NetName=MOSI Pin=P14-5
Added Pin To Net: NetName=IO48 Pin=P14-6
Added Pin To Net: NetName=IO47 Pin=P14-7
Added Pin To Net: NetName=IO26 Pin=P14-8
Added Room: Name=AQM with esp32
Added Room: Name=ESP32-S3 module
