Removed Pin From Net: NetName=RESET Pin=P13-1
Removed Pin From Net: NetName=IO46 Pin=P13-2
Removed Pin From Net: NetName=IO45 Pin=P13-3
Removed Pin From Net: NetName=RXD0 Pin=P13-4
Removed Pin From Net: NetName=TXD0 Pin=P13-5
Removed Pin From Net: NetName=IO42 Pin=P13-6
Removed Pin From Net: NetName=IO41 Pin=P13-7
Removed Pin From Net: NetName=IO40 Pin=P13-8
Removed Pin From Net: NetName=TX Pin=P13-9
Removed Pin From Net: NetName=RX Pin=P13-10
Removed Pin From Net: NetName=MISO Pin=P13-11
Removed Pin From Net: NetName=SCK Pin=P13-12
Removed Pin From Net: NetName=MOSI Pin=P13-13
Change Component Footprint: Designator=P13 Old Footprint=HDR1X13 New Footprint=HDR1X10
Change Component Comment : Designator=P13 Old Comment=Header 13 New Comment=Header 10
Added Component: Designator=P17(HDR1X3)
Add component. Clean all parameters for all variants
Add component (AddParameter): Name = "LatestRevisionDate"; Value = "17-Jul-2002"; VariantName = "[No Variations]"
Add component (AddParameter): Name = "LatestRevisionNote"; Value = "Re-released for DXP Platform."; VariantName = "[No Variations]"
Add component (AddParameter): Name = "Publisher"; Value = "Altium Limited"; VariantName = "[No Variations]"
Added Pin To Net: NetName=RXD0 Pin=P13-1
Added Pin To Net: NetName=TXD0 Pin=P13-2
Added Pin To Net: NetName=IO42 Pin=P13-3
Added Pin To Net: NetName=IO41 Pin=P13-4
Added Pin To Net: NetName=IO40 Pin=P13-5
Added Pin To Net: NetName=TX Pin=P13-6
Added Pin To Net: NetName=RX Pin=P13-7
Added Pin To Net: NetName=MISO Pin=P13-8
Added Pin To Net: NetName=SCK Pin=P13-9
Added Pin To Net: NetName=MOSI Pin=P13-10
Added Pin To Net: NetName=RESET Pin=P17-1
Added Pin To Net: NetName=IO46 Pin=P17-2
Added Pin To Net: NetName=IO45 Pin=P17-3
Added Member To Class: ClassName=ESP32-S3 module Member=Component P17 Header 3
Added Room: Name=AQM with esp32
Added Room: Name=ESP32-S3 module
